c:\users\songz\desktop\aiassistant\aiassistant\x64\debug\aiassistant.pch
c:\users\songz\desktop\aiassistant\aiassistant\x64\debug\vc143.pdb
c:\users\songz\desktop\aiassistant\aiassistant\x64\debug\vc143.idb
c:\users\songz\desktop\aiassistant\aiassistant\x64\debug\pch.obj
c:\users\songz\desktop\aiassistant\aiassistant\x64\debug\aiassistantdlg.obj
c:\users\songz\desktop\aiassistant\aiassistant\x64\debug\aiassistant.obj
c:\users\songz\desktop\aiassistant\x64\debug\aiassistant.exe
c:\users\songz\desktop\aiassistant\x64\debug\aiassistant.pdb
c:\users\songz\desktop\aiassistant\aiassistant\x64\debug\aiassistant.res
c:\users\songz\desktop\aiassistant\aiassistant\x64\debug\aiassistant.ilk
c:\users\songz\desktop\aiassistant\aiassistant\x64\debug\aiassistant.pdb
c:\users\songz\desktop\aiassistant\aiassistant\x64\debug\aiassistant.tlog\cl.command.1.tlog
c:\users\songz\desktop\aiassistant\aiassistant\x64\debug\aiassistant.tlog\cl.items.tlog
c:\users\songz\desktop\aiassistant\aiassistant\x64\debug\aiassistant.tlog\cl.read.1.tlog
c:\users\songz\desktop\aiassistant\aiassistant\x64\debug\aiassistant.tlog\cl.write.1.tlog
c:\users\songz\desktop\aiassistant\aiassistant\x64\debug\aiassistant.tlog\link.command.1.tlog
c:\users\songz\desktop\aiassistant\aiassistant\x64\debug\aiassistant.tlog\link.read.1.tlog
c:\users\songz\desktop\aiassistant\aiassistant\x64\debug\aiassistant.tlog\link.secondary.1.tlog
c:\users\songz\desktop\aiassistant\aiassistant\x64\debug\aiassistant.tlog\link.write.1.tlog
c:\users\songz\desktop\aiassistant\aiassistant\x64\debug\aiassistant.tlog\rc.command.1.tlog
c:\users\songz\desktop\aiassistant\aiassistant\x64\debug\aiassistant.tlog\rc.read.1.tlog
c:\users\songz\desktop\aiassistant\aiassistant\x64\debug\aiassistant.tlog\rc.write.1.tlog
